<?xml version="1.0" encoding="UTF-8"?>
<testsuite xmlns:xsi="http://www.w3.org/2001/XMLSchema-instance" xsi:noNamespaceSchemaLocation="https://maven.apache.org/surefire/maven-surefire-plugin/xsd/surefire-test-report-3.0.xsd" version="3.0" name="BusBooking.BusBooking.BusBookingApplicationTests" time="7.45" tests="1" errors="0" skipped="0" failures="0">
  <properties>
[...]
</properties>
  <testcase name="iscalled" classname="BusBooking.BusBooking.BusBookingApplicationTests" time="0.56">
    <system-out><![CDATA[22:21:31.828 [main] INFO org.springframework.test.context.support.AnnotationConfigContextLoaderUtils -- Could not detect default configuration classes for test class [BusBooking.BusBooking.BusBookingApplicationTests]: BusBookingApplicationTests does not declare any static, non-private, non-final, nested classes annotated with @Configuration.
22:21:32.047 [main] INFO org.springframework.boot.test.context.SpringBootTestContextBootstrapper -- Found @SpringBootConfiguration BusBooking.BusBooking.BusBookingApplication for test class BusBooking.BusBooking.BusBookingApplicationTests
22:21:32.260 [main] INFO org.springframework.boot.devtools.restart.RestartApplicationListener -- Restart disabled due to context in which it is running

  .   ____          _            __ _ _
 /\\ / ___'_ __ _ _(_)_ __  __ _ \ \ \ \
( ( )\___ | '_ | '_| | '_ \/ _` | \ \ \ \
 \\/  ___)| |_)| | | | | || (_| |  ) ) ) )
  '  |____| .__|_| |_|_| |_\__, | / / / /
 =========|_|==============|___/=/_/_/_/
 :: Spring Boot ::                (v3.2.0)

2024-03-23T22:21:32.583+05:30  INFO 11144 --- [           main] B.BusBooking.BusBookingApplicationTests  : Starting BusBookingApplicationTests using Java 17.0.10 with PID 11144 (started by pavankumar in /home/pavankumar/Documents/gitHubProject/busbookinjavabackend)
2024-03-23T22:21:32.585+05:30  INFO 11144 --- [           main] B.BusBooking.BusBookingApplicationTests  : No active profile set, falling back to 1 default profile: "default"
2024-03-23T22:21:33.429+05:30  INFO 11144 --- [           main] .s.d.r.c.RepositoryConfigurationDelegate : Bootstrapping Spring Data JPA repositories in DEFAULT mode.
2024-03-23T22:21:33.519+05:30  INFO 11144 --- [           main] .s.d.r.c.RepositoryConfigurationDelegate : Finished Spring Data repository scanning in 82 ms. Found 8 JPA repository interfaces.
2024-03-23T22:21:34.116+05:30  INFO 11144 --- [           main] o.hibernate.jpa.internal.util.LogHelper  : HHH000204: Processing PersistenceUnitInfo [name: default]
2024-03-23T22:21:34.171+05:30  INFO 11144 --- [           main] org.hibernate.Version                    : HHH000412: Hibernate ORM core version 6.3.1.Final
2024-03-23T22:21:34.213+05:30  INFO 11144 --- [           main] o.h.c.internal.RegionFactoryInitiator    : HHH000026: Second-level cache disabled
2024-03-23T22:21:34.447+05:30  INFO 11144 --- [           main] o.s.o.j.p.SpringPersistenceUnitInfo      : No LoadTimeWeaver setup: ignoring JPA class transformer
2024-03-23T22:21:34.475+05:30  INFO 11144 --- [           main] com.zaxxer.hikari.HikariDataSource       : HikariPool-1 - Starting...
2024-03-23T22:21:34.829+05:30  INFO 11144 --- [           main] com.zaxxer.hikari.pool.HikariPool        : HikariPool-1 - Added connection org.postgresql.jdbc.PgConnection@1da745a2
2024-03-23T22:21:34.830+05:30  INFO 11144 --- [           main] com.zaxxer.hikari.HikariDataSource       : HikariPool-1 - Start completed.
2024-03-23T22:21:34.852+05:30  WARN 11144 --- [           main] org.hibernate.orm.deprecation            : HHH90000025: PostgreSQLDialect does not need to be specified explicitly using 'hibernate.dialect' (remove the property setting and it will be selected by default)
2024-03-23T22:21:36.120+05:30  INFO 11144 --- [           main] o.h.e.t.j.p.i.JtaPlatformInitiator       : HHH000489: No JTA platform available (set 'hibernate.transaction.jta.platform' to enable JTA platform integration)
2024-03-23T22:21:36.303+05:30  INFO 11144 --- [           main] j.LocalContainerEntityManagerFactoryBean : Initialized JPA EntityManagerFactory for persistence unit 'default'
2024-03-23T22:21:36.906+05:30  INFO 11144 --- [           main] o.s.d.j.r.query.QueryEnhancerFactory     : Hibernate is in classpath; If applicable, HQL parser will be used.
2024-03-23T22:21:37.606+05:30  WARN 11144 --- [           main] JpaBaseConfiguration$JpaWebConfiguration : spring.jpa.open-in-view is enabled by default. Therefore, database queries may be performed during view rendering. Explicitly configure spring.jpa.open-in-view to disable this warning
2024-03-23T22:21:38.042+05:30  INFO 11144 --- [           main] o.s.s.web.DefaultSecurityFilterChain     : Will secure any request with [org.springframework.security.web.session.DisableEncodeUrlFilter@469caf69, org.springframework.security.web.context.request.async.WebAsyncManagerIntegrationFilter@5e05064b, org.springframework.security.web.context.SecurityContextHolderFilter@1871068d, org.springframework.security.web.header.HeaderWriterFilter@6f2d0d25, org.springframework.web.filter.CorsFilter@527e6bd3, org.springframework.security.web.authentication.logout.LogoutFilter@54500139, org.springframework.security.web.authentication.UsernamePasswordAuthenticationFilter@232bfb3c, org.springframework.security.web.authentication.ui.DefaultLoginPageGeneratingFilter@71a2a9a0, org.springframework.security.web.authentication.ui.DefaultLogoutPageGeneratingFilter@4867e76b, BusBooking.BusBooking.Config.Filter.JWTTokenValidatorFilter@6ba3eee9, org.springframework.security.web.authentication.www.BasicAuthenticationFilter@214738c1, BusBooking.BusBooking.Config.Filter.JWTTokenGeneratorFilter@6a0aa5e2, org.springframework.security.web.savedrequest.RequestCacheAwareFilter@7217e615, org.springframework.security.web.servletapi.SecurityContextHolderAwareRequestFilter@7614beba, org.springframework.security.web.authentication.AnonymousAuthenticationFilter@1d628a88, org.springframework.security.web.session.SessionManagementFilter@73502c47, org.springframework.security.web.access.ExceptionTranslationFilter@41a4135e, org.springframework.security.web.access.intercept.AuthorizationFilter@93a793a]
2024-03-23T22:21:38.367+05:30  INFO 11144 --- [           main] B.BusBooking.BusBookingApplicationTests  : Started BusBookingApplicationTests in 6.128 seconds (process running for 7.861)
]]></system-out>
  </testcase>
</testsuite>